# JRE version: OpenJDK Runtime Environment Temurin-21.0.7+6 (21.0.7+6) (build 21.0.7+6-LTS)
# Java VM: OpenJDK 64-Bit Server VM Temurin-21.0.7+6 (21.0.7+6-LTS, mixed mode, sharing, tiered, compressed oops, compressed class ptrs, parallel gc, windows-amd64)
GC Precious Log:
 CardTable entry size: 512
 CPUs: 8 total, 8 available
 Memory: 7957M
 Large Page Support: Disabled
 NUMA Support: Disabled
 Compressed Oops: Enabled (32-bit)
 Alignments: Space 512K, Generation 512K, Heap 2M
 Heap Min Capacity: 100M
 Heap Initial Capacity: 100M
 Heap Max Capacity: 1G
 Pre-touch: Disabled
 Parallel Workers: 8
Heap:
 PSYoungGen      total 10240K, used 2810K [0x00000000eab00000, 0x00000000eba80000, 0x0000000100000000)
  eden space 8704K, 14% used [0x00000000eab00000,0x00000000eac422f0,0x00000000eb380000)
  from space 1536K, 99% used [0x00000000eb500000,0x00000000eb67c568,0x00000000eb680000)
  to   space 3584K, 0% used [0x00000000eb700000,0x00000000eb700000,0x00000000eba80000)
 ParOldGen       total 104960K, used 104827K [0x00000000c0000000, 0x00000000c6680000, 0x00000000eab00000)
  object space 104960K, 99% used [0x00000000c0000000,0x00000000c665ec10,0x00000000c6680000)
 Metaspace       used 55381K, committed 56768K, reserved 1114112K
  class space    used 6126K, committed 6720K, reserved 1048576K
GC Heap History (20 events):
Event: 30.730 GC heap before
{Heap before GC invocations=42 (full 2):
 PSYoungGen      total 15360K, used 15336K [0x00000000eab00000, 0x00000000ec000000, 0x0000000100000000)
  eden space 13312K, 100% used [0x00000000eab00000,0x00000000eb800000,0x00000000eb800000)
  from space 2048K, 98% used [0x00000000eb800000,0x00000000eb9fa098,0x00000000eba00000)
  to   space 4096K, 0% used [0x00000000ebc00000,0x00000000ebc00000,0x00000000ec000000)
 ParOldGen       total 86016K, used 85567K [0x00000000c0000000, 0x00000000c5400000, 0x00000000eab00000)
  object space 86016K, 99% used [0x00000000c0000000,0x00000000c538fc60,0x00000000c5400000)
 Metaspace       used 54659K, committed 56064K, reserved 1114112K
  class space    used 6010K, committed 6592K, reserved 1048576K
}
Event: 30.735 GC heap after
{Heap after GC invocations=42 (full 2):
 PSYoungGen      total 15360K, used 1885K [0x00000000eab00000, 0x00000000ebe00000, 0x0000000100000000)
  eden space 13312K, 0% used [0x00000000eab00000,0x00000000eab00000,0x00000000eb800000)
  from space 2048K, 92% used [0x00000000ebc00000,0x00000000ebdd7730,0x00000000ebe00000)
  to   space 2560K, 0% used [0x00000000eb900000,0x00000000eb900000,0x00000000ebb80000)
 ParOldGen       total 87552K, used 87491K [0x00000000c0000000, 0x00000000c5580000, 0x00000000eab00000)
  object space 87552K, 99% used [0x00000000c0000000,0x00000000c5570cb8,0x00000000c5580000)
 Metaspace       used 54659K, committed 56064K, reserved 1114112K
  class space    used 6010K, committed 6592K, reserved 1048576K
}
Event: 31.437 GC heap before
{Heap before GC invocations=43 (full 2):
 PSYoungGen      total 15360K, used 15197K [0x00000000eab00000, 0x00000000ebe00000, 0x0000000100000000)
  eden space 13312K, 100% used [0x00000000eab00000,0x00000000eb800000,0x00000000eb800000)
  from space 2048K, 92% used [0x00000000ebc00000,0x00000000ebdd7730,0x00000000ebe00000)
  to   space 2560K, 0% used [0x00000000eb900000,0x00000000eb900000,0x00000000ebb80000)
 ParOldGen       total 87552K, used 87491K [0x00000000c0000000, 0x00000000c5580000, 0x00000000eab00000)
  object space 87552K, 99% used [0x00000000c0000000,0x00000000c5570cb8,0x00000000c5580000)
 Metaspace       used 54664K, committed 56064K, reserved 1114112K
  class space    used 6010K, committed 6592K, reserved 1048576K
}
Event: 31.440 GC heap after
{Heap after GC invocations=43 (full 2):
 PSYoungGen      total 15360K, used 1815K [0x00000000eab00000, 0x00000000ebc80000, 0x0000000100000000)
  eden space 13312K, 0% used [0x00000000eab00000,0x00000000eab00000,0x00000000eb800000)
  from space 2048K, 88% used [0x00000000eb900000,0x00000000ebac5d88,0x00000000ebb00000)
  to   space 1536K, 0% used [0x00000000ebb00000,0x00000000ebb00000,0x00000000ebc80000)
 ParOldGen       total 89600K, used 89205K [0x00000000c0000000, 0x00000000c5780000, 0x00000000eab00000)
  object space 89600K, 99% used [0x00000000c0000000,0x00000000c571d768,0x00000000c5780000)
 Metaspace       used 54664K, committed 56064K, reserved 1114112K
  class space    used 6010K, committed 6592K, reserved 1048576K
}
Event: 31.985 GC heap before
{Heap before GC invocations=44 (full 2):
 PSYoungGen      total 15360K, used 15127K [0x00000000eab00000, 0x00000000ebc80000, 0x0000000100000000)
  eden space 13312K, 100% used [0x00000000eab00000,0x00000000eb800000,0x00000000eb800000)
  from space 2048K, 88% used [0x00000000eb900000,0x00000000ebac5d88,0x00000000ebb00000)
  to   space 1536K, 0% used [0x00000000ebb00000,0x00000000ebb00000,0x00000000ebc80000)
 ParOldGen       total 89600K, used 89205K [0x00000000c0000000, 0x00000000c5780000, 0x00000000eab00000)
  object space 89600K, 99% used [0x00000000c0000000,0x00000000c571d768,0x00000000c5780000)
 Metaspace       used 54665K, committed 56064K, reserved 1114112K
  class space    used 6010K, committed 6592K, reserved 1048576K
}
Event: 31.988 GC heap after
{Heap after GC invocations=44 (full 2):
 PSYoungGen      total 13824K, used 1522K [0x00000000eab00000, 0x00000000ec000000, 0x0000000100000000)
  eden space 12288K, 0% used [0x00000000eab00000,0x00000000eab00000,0x00000000eb700000)
  from space 1536K, 99% used [0x00000000ebb00000,0x00000000ebc7cb38,0x00000000ebc80000)
  to   space 4096K, 0% used [0x00000000eb700000,0x00000000eb700000,0x00000000ebb00000)
 ParOldGen       total 91136K, used 91116K [0x00000000c0000000, 0x00000000c5900000, 0x00000000eab00000)
  object space 91136K, 99% used [0x00000000c0000000,0x00000000c58fb0e8,0x00000000c5900000)
 Metaspace       used 54665K, committed 56064K, reserved 1114112K
  class space    used 6010K, committed 6592K, reserved 1048576K
}
Event: 33.444 GC heap before
{Heap before GC invocations=45 (full 2):
 PSYoungGen      total 13824K, used 13810K [0x00000000eab00000, 0x00000000ec000000, 0x0000000100000000)
  eden space 12288K, 100% used [0x00000000eab00000,0x00000000eb700000,0x00000000eb700000)
  from space 1536K, 99% used [0x00000000ebb00000,0x00000000ebc7cb38,0x00000000ebc80000)
  to   space 4096K, 0% used [0x00000000eb700000,0x00000000eb700000,0x00000000ebb00000)
 ParOldGen       total 91136K, used 91116K [0x00000000c0000000, 0x00000000c5900000, 0x00000000eab00000)
  object space 91136K, 99% used [0x00000000c0000000,0x00000000c58fb0e8,0x00000000c5900000)
 Metaspace       used 54674K, committed 56064K, reserved 1114112K
  class space    used 6010K, committed 6592K, reserved 1048576K
}
Event: 33.450 GC heap after
{Heap after GC invocations=45 (full 2):
 PSYoungGen      total 14336K, used 1689K [0x00000000eab00000, 0x00000000ebc00000, 0x0000000100000000)
  eden space 12288K, 0% used [0x00000000eab00000,0x00000000eab00000,0x00000000eb700000)
  from space 2048K, 82% used [0x00000000eb700000,0x00000000eb8a66d8,0x00000000eb900000)
  to   space 2560K, 0% used [0x00000000eb980000,0x00000000eb980000,0x00000000ebc00000)
 ParOldGen       total 92672K, used 92553K [0x00000000c0000000, 0x00000000c5a80000, 0x00000000eab00000)
  object space 92672K, 99% used [0x00000000c0000000,0x00000000c5a62438,0x00000000c5a80000)
 Metaspace       used 54674K, committed 56064K, reserved 1114112K
  class space    used 6010K, committed 6592K, reserved 1048576K
}
Event: 34.123 GC heap before
{Heap before GC invocations=46 (full 2):
 PSYoungGen      total 14336K, used 13977K [0x00000000eab00000, 0x00000000ebc00000, 0x0000000100000000)
  eden space 12288K, 100% used [0x00000000eab00000,0x00000000eb700000,0x00000000eb700000)
  from space 2048K, 82% used [0x00000000eb700000,0x00000000eb8a66d8,0x00000000eb900000)
  to   space 2560K, 0% used [0x00000000eb980000,0x00000000eb980000,0x00000000ebc00000)
 ParOldGen       total 92672K, used 92553K [0x00000000c0000000, 0x00000000c5a80000, 0x00000000eab00000)
  object space 92672K, 99% used [0x00000000c0000000,0x00000000c5a62438,0x00000000c5a80000)
 Metaspace       used 54732K, committed 56064K, reserved 1114112K
  class space    used 6010K, committed 6592K, reserved 1048576K
}
Event: 34.130 GC heap after
{Heap after GC invocations=46 (full 2):
 PSYoungGen      total 11264K, used 2539K [0x00000000eab00000, 0x00000000ec300000, 0x0000000100000000)
  eden space 8704K, 0% used [0x00000000eab00000,0x00000000eab00000,0x00000000eb380000)
  from space 2560K, 99% used [0x00000000eb980000,0x00000000ebbfaed8,0x00000000ebc00000)
  to   space 6144K, 0% used [0x00000000eb380000,0x00000000eb380000,0x00000000eb980000)
 ParOldGen       total 95232K, used 95193K [0x00000000c0000000, 0x00000000c5d00000, 0x00000000eab00000)
  object space 95232K, 99% used [0x00000000c0000000,0x00000000c5cf64b8,0x00000000c5d00000)
 Metaspace       used 54732K, committed 56064K, reserved 1114112K
  class space    used 6010K, committed 6592K, reserved 1048576K
}
Event: 36.083 GC heap before
{Heap before GC invocations=47 (full 2):
 PSYoungGen      total 11264K, used 11243K [0x00000000eab00000, 0x00000000ec300000, 0x0000000100000000)
  eden space 8704K, 100% used [0x00000000eab00000,0x00000000eb380000,0x00000000eb380000)
  from space 2560K, 99% used [0x00000000eb980000,0x00000000ebbfaed8,0x00000000ebc00000)
  to   space 6144K, 0% used [0x00000000eb380000,0x00000000eb380000,0x00000000eb980000)
 ParOldGen       total 95232K, used 95193K [0x00000000c0000000, 0x00000000c5d00000, 0x00000000eab00000)
  object space 95232K, 99% used [0x00000000c0000000,0x00000000c5cf64b8,0x00000000c5d00000)
 Metaspace       used 54910K, committed 56256K, reserved 1114112K
  class space    used 6020K, committed 6592K, reserved 1048576K
}
Event: 36.087 GC heap after
{Heap after GC invocations=47 (full 2):
 PSYoungGen      total 12288K, used 3251K [0x00000000eab00000, 0x00000000ebb80000, 0x0000000100000000)
  eden space 8704K, 0% used [0x00000000eab00000,0x00000000eab00000,0x00000000eb380000)
  from space 3584K, 90% used [0x00000000eb380000,0x00000000eb6acc20,0x00000000eb700000)
  to   space 4096K, 0% used [0x00000000eb780000,0x00000000eb780000,0x00000000ebb80000)
 ParOldGen       total 97792K, used 97728K [0x00000000c0000000, 0x00000000c5f80000, 0x00000000eab00000)
  object space 97792K, 99% used [0x00000000c0000000,0x00000000c5f70330,0x00000000c5f80000)
 Metaspace       used 54910K, committed 56256K, reserved 1114112K
  class space    used 6020K, committed 6592K, reserved 1048576K
}
Event: 36.344 GC heap before
{Heap before GC invocations=48 (full 2):
 PSYoungGen      total 12288K, used 11955K [0x00000000eab00000, 0x00000000ebb80000, 0x0000000100000000)
  eden space 8704K, 100% used [0x00000000eab00000,0x00000000eb380000,0x00000000eb380000)
  from space 3584K, 90% used [0x00000000eb380000,0x00000000eb6acc20,0x00000000eb700000)
  to   space 4096K, 0% used [0x00000000eb780000,0x00000000eb780000,0x00000000ebb80000)
 ParOldGen       total 97792K, used 97728K [0x00000000c0000000, 0x00000000c5f80000, 0x00000000eab00000)
  object space 97792K, 99% used [0x00000000c0000000,0x00000000c5f70330,0x00000000c5f80000)
 Metaspace       used 54921K, committed 56256K, reserved 1114112K
  class space    used 6021K, committed 6592K, reserved 1048576K
}
Event: 36.350 GC heap after
{Heap after GC invocations=48 (full 2):
 PSYoungGen      total 10240K, used 1259K [0x00000000eab00000, 0x00000000eb900000, 0x0000000100000000)
  eden space 8704K, 0% used [0x00000000eab00000,0x00000000eab00000,0x00000000eb380000)
  from space 1536K, 81% used [0x00000000eb780000,0x00000000eb8bada8,0x00000000eb900000)
  to   space 2560K, 0% used [0x00000000eb400000,0x00000000eb400000,0x00000000eb680000)
 ParOldGen       total 100864K, used 100852K [0x00000000c0000000, 0x00000000c6280000, 0x00000000eab00000)
  object space 100864K, 99% used [0x00000000c0000000,0x00000000c627d188,0x00000000c6280000)
 Metaspace       used 54921K, committed 56256K, reserved 1114112K
  class space    used 6021K, committed 6592K, reserved 1048576K
}
Event: 37.325 GC heap before
{Heap before GC invocations=49 (full 2):
 PSYoungGen      total 10240K, used 9963K [0x00000000eab00000, 0x00000000eb900000, 0x0000000100000000)
  eden space 8704K, 100% used [0x00000000eab00000,0x00000000eb380000,0x00000000eb380000)
  from space 1536K, 81% used [0x00000000eb780000,0x00000000eb8bada8,0x00000000eb900000)
  to   space 2560K, 0% used [0x00000000eb400000,0x00000000eb400000,0x00000000eb680000)
 ParOldGen       total 100864K, used 100852K [0x00000000c0000000, 0x00000000c6280000, 0x00000000eab00000)
  object space 100864K, 99% used [0x00000000c0000000,0x00000000c627d188,0x00000000c6280000)
 Metaspace       used 55092K, committed 56448K, reserved 1114112K
  class space    used 6063K, committed 6656K, reserved 1048576K
}
Event: 37.328 GC heap after
{Heap after GC invocations=49 (full 2):
 PSYoungGen      total 11264K, used 1240K [0x00000000eab00000, 0x00000000eb800000, 0x0000000100000000)
  eden space 8704K, 0% used [0x00000000eab00000,0x00000000eab00000,0x00000000eb380000)
  from space 2560K, 48% used [0x00000000eb400000,0x00000000eb536368,0x00000000eb680000)
  to   space 1536K, 0% used [0x00000000eb680000,0x00000000eb680000,0x00000000eb800000)
 ParOldGen       total 102400K, used 101992K [0x00000000c0000000, 0x00000000c6400000, 0x00000000eab00000)
  object space 102400K, 99% used [0x00000000c0000000,0x00000000c639a130,0x00000000c6400000)
 Metaspace       used 55092K, committed 56448K, reserved 1114112K
  class space    used 6063K, committed 6656K, reserved 1048576K
}
Event: 37.854 GC heap before
{Heap before GC invocations=50 (full 2):
 PSYoungGen      total 11264K, used 9944K [0x00000000eab00000, 0x00000000eb800000, 0x0000000100000000)
  eden space 8704K, 100% used [0x00000000eab00000,0x00000000eb380000,0x00000000eb380000)
  from space 2560K, 48% used [0x00000000eb400000,0x00000000eb536368,0x00000000eb680000)
  to   space 1536K, 0% used [0x00000000eb680000,0x00000000eb680000,0x00000000eb800000)
 ParOldGen       total 102400K, used 101992K [0x00000000c0000000, 0x00000000c6400000, 0x00000000eab00000)
  object space 102400K, 99% used [0x00000000c0000000,0x00000000c639a130,0x00000000c6400000)
 Metaspace       used 55288K, committed 56704K, reserved 1114112K
  class space    used 6112K, committed 6720K, reserved 1048576K
}
Event: 37.856 GC heap after
{Heap after GC invocations=50 (full 2):
 PSYoungGen      total 10240K, used 1485K [0x00000000eab00000, 0x00000000eb800000, 0x0000000100000000)
  eden space 8704K, 0% used [0x00000000eab00000,0x00000000eab00000,0x00000000eb380000)
  from space 1536K, 96% used [0x00000000eb680000,0x00000000eb7f34d8,0x00000000eb800000)
  to   space 1536K, 0% used [0x00000000eb500000,0x00000000eb500000,0x00000000eb680000)
 ParOldGen       total 103424K, used 103114K [0x00000000c0000000, 0x00000000c6500000, 0x00000000eab00000)
  object space 103424K, 99% used [0x00000000c0000000,0x00000000c64b29c8,0x00000000c6500000)
 Metaspace       used 55288K, committed 56704K, reserved 1114112K
  class space    used 6112K, committed 6720K, reserved 1048576K
}
Event: 38.155 GC heap before
{Heap before GC invocations=51 (full 2):
 PSYoungGen      total 10240K, used 10189K [0x00000000eab00000, 0x00000000eb800000, 0x0000000100000000)
  eden space 8704K, 100% used [0x00000000eab00000,0x00000000eb380000,0x00000000eb380000)
  from space 1536K, 96% used [0x00000000eb680000,0x00000000eb7f34d8,0x00000000eb800000)
  to   space 1536K, 0% used [0x00000000eb500000,0x00000000eb500000,0x00000000eb680000)
 ParOldGen       total 103424K, used 103114K [0x00000000c0000000, 0x00000000c6500000, 0x00000000eab00000)
  object space 103424K, 99% used [0x00000000c0000000,0x00000000c64b29c8,0x00000000c6500000)
 Metaspace       used 55328K, committed 56704K, reserved 1114112K
  class space    used 6119K, committed 6720K, reserved 1048576K
}
Event: 38.958 GC heap after
{Heap after GC invocations=51 (full 2):
 PSYoungGen      total 10240K, used 1521K [0x00000000eab00000, 0x00000000eba80000, 0x0000000100000000)
  eden space 8704K, 0% used [0x00000000eab00000,0x00000000eab00000,0x00000000eb380000)
  from space 1536K, 99% used [0x00000000eb500000,0x00000000eb67c568,0x00000000eb680000)
  to   space 3584K, 0% used [0x00000000eb700000,0x00000000eb700000,0x00000000eba80000)
 ParOldGen       total 104960K, used 104827K [0x00000000c0000000, 0x00000000c6680000, 0x00000000eab00000)
  object space 104960K, 99% used [0x00000000c0000000,0x00000000c665ec10,0x00000000c6680000)
 Metaspace       used 55328K, committed 56704K, reserved 1114112K
  class space    used 6119K, committed 6720K, reserved 1048576K
}

