# JRE version: OpenJDK Runtime Environment Temurin-21.0.7+6 (21.0.7+6) (build 21.0.7+6-LTS)
# Java VM: OpenJDK 64-Bit Server VM Temurin-21.0.7+6 (21.0.7+6-LTS, mixed mode, sharing, tiered, compressed oops, compressed class ptrs, parallel gc, windows-amd64)
GC Precious Log:
 CardTable entry size: 512
 CPUs: 8 total, 8 available
 Memory: 7957M
 Large Page Support: Disabled
 NUMA Support: Disabled
 Compressed Oops: Enabled (32-bit)
 Alignments: Space 512K, Generation 512K, Heap 2M
 Heap Min Capacity: 100M
 Heap Initial Capacity: 100M
 Heap Max Capacity: 1G
 Pre-touch: Disabled
 Parallel Workers: 8
Heap:
 PSYoungGen      total 21504K, used 13177K [0x00000000eab00000, 0x00000000ec280000, 0x0000000100000000)
  eden space 20992K, 61% used [0x00000000eab00000,0x00000000eb79e610,0x00000000ebf80000)
  from space 512K, 50% used [0x00000000ebf80000,0x00000000ebfc0020,0x00000000ec000000)
  to   space 1024K, 0% used [0x00000000ec180000,0x00000000ec180000,0x00000000ec280000)
 ParOldGen       total 68608K, used 30112K [0x00000000c0000000, 0x00000000c4300000, 0x00000000eab00000)
  object space 68608K, 43% used [0x00000000c0000000,0x00000000c1d68318,0x00000000c4300000)
 Metaspace       used 38452K, committed 39360K, reserved 1114112K
  class space    used 3759K, committed 4160K, reserved 1048576K
GC Heap History (20 events):
Event: 39.770 GC heap before
{Heap before GC invocations=12 (full 1):
 PSYoungGen      total 26112K, used 25902K [0x00000000eab00000, 0x00000000ec980000, 0x0000000100000000)
  eden space 23040K, 100% used [0x00000000eab00000,0x00000000ec180000,0x00000000ec180000)
  from space 3072K, 93% used [0x00000000ec680000,0x00000000ec94bb38,0x00000000ec980000)
  to   space 3584K, 0% used [0x00000000ec280000,0x00000000ec280000,0x00000000ec600000)
 ParOldGen       total 68608K, used 14837K [0x00000000c0000000, 0x00000000c4300000, 0x00000000eab00000)
  object space 68608K, 21% used [0x00000000c0000000,0x00000000c0e7d670,0x00000000c4300000)
 Metaspace       used 31990K, committed 32896K, reserved 1114112K
  class space    used 3132K, committed 3520K, reserved 1048576K
}
Event: 39.776 GC heap after
{Heap after GC invocations=12 (full 1):
 PSYoungGen      total 25600K, used 2673K [0x00000000eab00000, 0x00000000ec700000, 0x0000000100000000)
  eden space 22528K, 0% used [0x00000000eab00000,0x00000000eab00000,0x00000000ec100000)
  from space 3072K, 87% used [0x00000000ec280000,0x00000000ec51c420,0x00000000ec580000)
  to   space 1536K, 0% used [0x00000000ec580000,0x00000000ec580000,0x00000000ec700000)
 ParOldGen       total 68608K, used 17517K [0x00000000c0000000, 0x00000000c4300000, 0x00000000eab00000)
  object space 68608K, 25% used [0x00000000c0000000,0x00000000c111b5a8,0x00000000c4300000)
 Metaspace       used 31990K, committed 32896K, reserved 1114112K
  class space    used 3132K, committed 3520K, reserved 1048576K
}
Event: 39.944 GC heap before
{Heap before GC invocations=13 (full 1):
 PSYoungGen      total 25600K, used 25201K [0x00000000eab00000, 0x00000000ec700000, 0x0000000100000000)
  eden space 22528K, 100% used [0x00000000eab00000,0x00000000ec100000,0x00000000ec100000)
  from space 3072K, 87% used [0x00000000ec280000,0x00000000ec51c420,0x00000000ec580000)
  to   space 1536K, 0% used [0x00000000ec580000,0x00000000ec580000,0x00000000ec700000)
 ParOldGen       total 68608K, used 17517K [0x00000000c0000000, 0x00000000c4300000, 0x00000000eab00000)
  object space 68608K, 25% used [0x00000000c0000000,0x00000000c111b5a8,0x00000000c4300000)
 Metaspace       used 32027K, committed 32960K, reserved 1114112K
  class space    used 3132K, committed 3520K, reserved 1048576K
}
Event: 39.952 GC heap after
{Heap after GC invocations=13 (full 1):
 PSYoungGen      total 23040K, used 1506K [0x00000000eab00000, 0x00000000ecb80000, 0x0000000100000000)
  eden space 21504K, 0% used [0x00000000eab00000,0x00000000eab00000,0x00000000ec000000)
  from space 1536K, 98% used [0x00000000ec580000,0x00000000ec6f8810,0x00000000ec700000)
  to   space 5632K, 0% used [0x00000000ec000000,0x00000000ec000000,0x00000000ec580000)
 ParOldGen       total 68608K, used 21120K [0x00000000c0000000, 0x00000000c4300000, 0x00000000eab00000)
  object space 68608K, 30% used [0x00000000c0000000,0x00000000c14a0288,0x00000000c4300000)
 Metaspace       used 32027K, committed 32960K, reserved 1114112K
  class space    used 3132K, committed 3520K, reserved 1048576K
}
Event: 40.203 GC heap before
{Heap before GC invocations=14 (full 1):
 PSYoungGen      total 23040K, used 23010K [0x00000000eab00000, 0x00000000ecb80000, 0x0000000100000000)
  eden space 21504K, 100% used [0x00000000eab00000,0x00000000ec000000,0x00000000ec000000)
  from space 1536K, 98% used [0x00000000ec580000,0x00000000ec6f8810,0x00000000ec700000)
  to   space 5632K, 0% used [0x00000000ec000000,0x00000000ec000000,0x00000000ec580000)
 ParOldGen       total 68608K, used 21120K [0x00000000c0000000, 0x00000000c4300000, 0x00000000eab00000)
  object space 68608K, 30% used [0x00000000c0000000,0x00000000c14a0288,0x00000000c4300000)
 Metaspace       used 32045K, committed 32960K, reserved 1114112K
  class space    used 3132K, committed 3520K, reserved 1048576K
}
Event: 40.208 GC heap after
{Heap after GC invocations=14 (full 1):
 PSYoungGen      total 24064K, used 2244K [0x00000000eab00000, 0x00000000ec700000, 0x0000000100000000)
  eden space 21504K, 0% used [0x00000000eab00000,0x00000000eab00000,0x00000000ec000000)
  from space 2560K, 87% used [0x00000000ec000000,0x00000000ec231000,0x00000000ec280000)
  to   space 3584K, 0% used [0x00000000ec380000,0x00000000ec380000,0x00000000ec700000)
 ParOldGen       total 68608K, used 22552K [0x00000000c0000000, 0x00000000c4300000, 0x00000000eab00000)
  object space 68608K, 32% used [0x00000000c0000000,0x00000000c1606298,0x00000000c4300000)
 Metaspace       used 32045K, committed 32960K, reserved 1114112K
  class space    used 3132K, committed 3520K, reserved 1048576K
}
Event: 40.406 GC heap before
{Heap before GC invocations=15 (full 1):
 PSYoungGen      total 24064K, used 23748K [0x00000000eab00000, 0x00000000ec700000, 0x0000000100000000)
  eden space 21504K, 100% used [0x00000000eab00000,0x00000000ec000000,0x00000000ec000000)
  from space 2560K, 87% used [0x00000000ec000000,0x00000000ec231000,0x00000000ec280000)
  to   space 3584K, 0% used [0x00000000ec380000,0x00000000ec380000,0x00000000ec700000)
 ParOldGen       total 68608K, used 22552K [0x00000000c0000000, 0x00000000c4300000, 0x00000000eab00000)
  object space 68608K, 32% used [0x00000000c0000000,0x00000000c1606298,0x00000000c4300000)
 Metaspace       used 32065K, committed 32960K, reserved 1114112K
  class space    used 3132K, committed 3520K, reserved 1048576K
}
Event: 40.410 GC heap after
{Heap after GC invocations=15 (full 1):
 PSYoungGen      total 24064K, used 2432K [0x00000000eab00000, 0x00000000ec600000, 0x0000000100000000)
  eden space 21504K, 0% used [0x00000000eab00000,0x00000000eab00000,0x00000000ec000000)
  from space 2560K, 95% used [0x00000000ec380000,0x00000000ec5e0010,0x00000000ec600000)
  to   space 2560K, 0% used [0x00000000ec000000,0x00000000ec000000,0x00000000ec280000)
 ParOldGen       total 68608K, used 24704K [0x00000000c0000000, 0x00000000c4300000, 0x00000000eab00000)
  object space 68608K, 36% used [0x00000000c0000000,0x00000000c1820398,0x00000000c4300000)
 Metaspace       used 32065K, committed 32960K, reserved 1114112K
  class space    used 3132K, committed 3520K, reserved 1048576K
}
Event: 40.621 GC heap before
{Heap before GC invocations=16 (full 1):
 PSYoungGen      total 24064K, used 23936K [0x00000000eab00000, 0x00000000ec600000, 0x0000000100000000)
  eden space 21504K, 100% used [0x00000000eab00000,0x00000000ec000000,0x00000000ec000000)
  from space 2560K, 95% used [0x00000000ec380000,0x00000000ec5e0010,0x00000000ec600000)
  to   space 2560K, 0% used [0x00000000ec000000,0x00000000ec000000,0x00000000ec280000)
 ParOldGen       total 68608K, used 24704K [0x00000000c0000000, 0x00000000c4300000, 0x00000000eab00000)
  object space 68608K, 36% used [0x00000000c0000000,0x00000000c1820398,0x00000000c4300000)
 Metaspace       used 32104K, committed 32960K, reserved 1114112K
  class space    used 3132K, committed 3520K, reserved 1048576K
}
Event: 40.625 GC heap after
{Heap after GC invocations=16 (full 1):
 PSYoungGen      total 24064K, used 2176K [0x00000000eab00000, 0x00000000ec500000, 0x0000000100000000)
  eden space 21504K, 0% used [0x00000000eab00000,0x00000000eab00000,0x00000000ec000000)
  from space 2560K, 85% used [0x00000000ec000000,0x00000000ec220000,0x00000000ec280000)
  to   space 2560K, 0% used [0x00000000ec280000,0x00000000ec280000,0x00000000ec500000)
 ParOldGen       total 68608K, used 27064K [0x00000000c0000000, 0x00000000c4300000, 0x00000000eab00000)
  object space 68608K, 39% used [0x00000000c0000000,0x00000000c1a6e3a8,0x00000000c4300000)
 Metaspace       used 32104K, committed 32960K, reserved 1114112K
  class space    used 3132K, committed 3520K, reserved 1048576K
}
Event: 41.459 GC heap before
{Heap before GC invocations=17 (full 1):
 PSYoungGen      total 24064K, used 23680K [0x00000000eab00000, 0x00000000ec500000, 0x0000000100000000)
  eden space 21504K, 100% used [0x00000000eab00000,0x00000000ec000000,0x00000000ec000000)
  from space 2560K, 85% used [0x00000000ec000000,0x00000000ec220000,0x00000000ec280000)
  to   space 2560K, 0% used [0x00000000ec280000,0x00000000ec280000,0x00000000ec500000)
 ParOldGen       total 68608K, used 27064K [0x00000000c0000000, 0x00000000c4300000, 0x00000000eab00000)
  object space 68608K, 39% used [0x00000000c0000000,0x00000000c1a6e3a8,0x00000000c4300000)
 Metaspace       used 33730K, committed 34688K, reserved 1114112K
  class space    used 3367K, committed 3776K, reserved 1048576K
}
Event: 41.463 GC heap after
{Heap after GC invocations=17 (full 1):
 PSYoungGen      total 22528K, used 852K [0x00000000eab00000, 0x00000000ec380000, 0x0000000100000000)
  eden space 21504K, 0% used [0x00000000eab00000,0x00000000eab00000,0x00000000ec000000)
  from space 1024K, 83% used [0x00000000ec280000,0x00000000ec3553e8,0x00000000ec380000)
  to   space 1536K, 0% used [0x00000000ec080000,0x00000000ec080000,0x00000000ec200000)
 ParOldGen       total 68608K, used 29078K [0x00000000c0000000, 0x00000000c4300000, 0x00000000eab00000)
  object space 68608K, 42% used [0x00000000c0000000,0x00000000c1c65900,0x00000000c4300000)
 Metaspace       used 33730K, committed 34688K, reserved 1114112K
  class space    used 3367K, committed 3776K, reserved 1048576K
}
Event: 42.171 GC heap before
{Heap before GC invocations=18 (full 1):
 PSYoungGen      total 22528K, used 20273K [0x00000000eab00000, 0x00000000ec380000, 0x0000000100000000)
  eden space 21504K, 90% used [0x00000000eab00000,0x00000000ebdf7400,0x00000000ec000000)
  from space 1024K, 83% used [0x00000000ec280000,0x00000000ec3553e8,0x00000000ec380000)
  to   space 1536K, 0% used [0x00000000ec080000,0x00000000ec080000,0x00000000ec200000)
 ParOldGen       total 68608K, used 29078K [0x00000000c0000000, 0x00000000c4300000, 0x00000000eab00000)
  object space 68608K, 42% used [0x00000000c0000000,0x00000000c1c65900,0x00000000c4300000)
 Metaspace       used 35052K, committed 35840K, reserved 1114112K
  class space    used 3487K, committed 3840K, reserved 1048576K
}
Event: 42.174 GC heap after
{Heap after GC invocations=18 (full 1):
 PSYoungGen      total 23040K, used 416K [0x00000000eab00000, 0x00000000ec300000, 0x0000000100000000)
  eden space 21504K, 0% used [0x00000000eab00000,0x00000000eab00000,0x00000000ec000000)
  from space 1536K, 27% used [0x00000000ec080000,0x00000000ec0e8000,0x00000000ec200000)
  to   space 1024K, 0% used [0x00000000ec200000,0x00000000ec200000,0x00000000ec300000)
 ParOldGen       total 68608K, used 29761K [0x00000000c0000000, 0x00000000c4300000, 0x00000000eab00000)
  object space 68608K, 43% used [0x00000000c0000000,0x00000000c1d10508,0x00000000c4300000)
 Metaspace       used 35052K, committed 35840K, reserved 1114112K
  class space    used 3487K, committed 3840K, reserved 1048576K
}
Event: 42.174 GC heap before
{Heap before GC invocations=19 (full 2):
 PSYoungGen      total 23040K, used 416K [0x00000000eab00000, 0x00000000ec300000, 0x0000000100000000)
  eden space 21504K, 0% used [0x00000000eab00000,0x00000000eab00000,0x00000000ec000000)
  from space 1536K, 27% used [0x00000000ec080000,0x00000000ec0e8000,0x00000000ec200000)
  to   space 1024K, 0% used [0x00000000ec200000,0x00000000ec200000,0x00000000ec300000)
 ParOldGen       total 68608K, used 29761K [0x00000000c0000000, 0x00000000c4300000, 0x00000000eab00000)
  object space 68608K, 43% used [0x00000000c0000000,0x00000000c1d10508,0x00000000c4300000)
 Metaspace       used 35052K, committed 35840K, reserved 1114112K
  class space    used 3487K, committed 3840K, reserved 1048576K
}
Event: 42.238 GC heap after
{Heap after GC invocations=19 (full 2):
 PSYoungGen      total 23040K, used 0K [0x00000000eab00000, 0x00000000ec300000, 0x0000000100000000)
  eden space 21504K, 0% used [0x00000000eab00000,0x00000000eab00000,0x00000000ec000000)
  from space 1536K, 0% used [0x00000000ec080000,0x00000000ec080000,0x00000000ec200000)
  to   space 1024K, 0% used [0x00000000ec200000,0x00000000ec200000,0x00000000ec300000)
 ParOldGen       total 68608K, used 29009K [0x00000000c0000000, 0x00000000c4300000, 0x00000000eab00000)
  object space 68608K, 42% used [0x00000000c0000000,0x00000000c1c54608,0x00000000c4300000)
 Metaspace       used 35052K, committed 35840K, reserved 1114112K
  class space    used 3487K, committed 3840K, reserved 1048576K
}
Event: 42.499 GC heap before
{Heap before GC invocations=20 (full 2):
 PSYoungGen      total 23040K, used 21504K [0x00000000eab00000, 0x00000000ec300000, 0x0000000100000000)
  eden space 21504K, 100% used [0x00000000eab00000,0x00000000ec000000,0x00000000ec000000)
  from space 1536K, 0% used [0x00000000ec080000,0x00000000ec080000,0x00000000ec200000)
  to   space 1024K, 0% used [0x00000000ec200000,0x00000000ec200000,0x00000000ec300000)
 ParOldGen       total 68608K, used 29009K [0x00000000c0000000, 0x00000000c4300000, 0x00000000eab00000)
  object space 68608K, 42% used [0x00000000c0000000,0x00000000c1c54608,0x00000000c4300000)
 Metaspace       used 36068K, committed 36928K, reserved 1114112K
  class space    used 3555K, committed 3904K, reserved 1048576K
}
Event: 43.508 GC heap after
{Heap after GC invocations=20 (full 2):
 PSYoungGen      total 22016K, used 999K [0x00000000eab00000, 0x00000000ec500000, 0x0000000100000000)
  eden space 20992K, 0% used [0x00000000eab00000,0x00000000eab00000,0x00000000ebf80000)
  from space 1024K, 97% used [0x00000000ec200000,0x00000000ec2f9e18,0x00000000ec300000)
  to   space 2560K, 0% used [0x00000000ebf80000,0x00000000ebf80000,0x00000000ec200000)
 ParOldGen       total 68608K, used 29832K [0x00000000c0000000, 0x00000000c4300000, 0x00000000eab00000)
  object space 68608K, 43% used [0x00000000c0000000,0x00000000c1d22308,0x00000000c4300000)
 Metaspace       used 36068K, committed 36928K, reserved 1114112K
  class space    used 3555K, committed 3904K, reserved 1048576K
}
Event: 43.600 GC heap before
{Heap before GC invocations=21 (full 2):
 PSYoungGen      total 22016K, used 21991K [0x00000000eab00000, 0x00000000ec500000, 0x0000000100000000)
  eden space 20992K, 100% used [0x00000000eab00000,0x00000000ebf80000,0x00000000ebf80000)
  from space 1024K, 97% used [0x00000000ec200000,0x00000000ec2f9e18,0x00000000ec300000)
  to   space 2560K, 0% used [0x00000000ebf80000,0x00000000ebf80000,0x00000000ec200000)
 ParOldGen       total 68608K, used 29832K [0x00000000c0000000, 0x00000000c4300000, 0x00000000eab00000)
  object space 68608K, 43% used [0x00000000c0000000,0x00000000c1d22308,0x00000000c4300000)
 Metaspace       used 36713K, committed 37568K, reserved 1114112K
  class space    used 3606K, committed 3968K, reserved 1048576K
}
Event: 43.602 GC heap after
{Heap after GC invocations=21 (full 2):
 PSYoungGen      total 21504K, used 256K [0x00000000eab00000, 0x00000000ec280000, 0x0000000100000000)
  eden space 20992K, 0% used [0x00000000eab00000,0x00000000eab00000,0x00000000ebf80000)
  from space 512K, 50% used [0x00000000ebf80000,0x00000000ebfc0020,0x00000000ec000000)
  to   space 1024K, 0% used [0x00000000ec180000,0x00000000ec180000,0x00000000ec280000)
 ParOldGen       total 68608K, used 30112K [0x00000000c0000000, 0x00000000c4300000, 0x00000000eab00000)
  object space 68608K, 43% used [0x00000000c0000000,0x00000000c1d68318,0x00000000c4300000)
 Metaspace       used 36713K, committed 37568K, reserved 1114112K
  class space    used 3606K, committed 3968K, reserved 1048576K
}

