# JRE version: OpenJDK Runtime Environment Temurin-21.0.7+6 (21.0.7+6) (build 21.0.7+6-LTS)
# Java VM: OpenJDK 64-Bit Server VM Temurin-21.0.7+6 (21.0.7+6-LTS, mixed mode, sharing, tiered, compressed oops, compressed class ptrs, parallel gc, windows-amd64)
GC Precious Log:
 CardTable entry size: 512
 CPUs: 8 total, 8 available
 Memory: 7957M
 Large Page Support: Disabled
 NUMA Support: Disabled
 Compressed Oops: Enabled (32-bit)
 Alignments: Space 512K, Generation 512K, Heap 2M
 Heap Min Capacity: 100M
 Heap Initial Capacity: 100M
 Heap Max Capacity: 1G
 Pre-touch: Disabled
 Parallel Workers: 8
Heap:
 PSYoungGen      total 6656K, used 1885K [0x00000000eab00000, 0x00000000eb900000, 0x0000000100000000)
  eden space 5120K, 6% used [0x00000000eab00000,0x00000000eab58620,0x00000000eb000000)
  from space 1536K, 99% used [0x00000000eb300000,0x00000000eb47f0f0,0x00000000eb480000)
  to   space 3072K, 0% used [0x00000000eb000000,0x00000000eb000000,0x00000000eb300000)
 ParOldGen       total 124928K, used 124588K [0x00000000c0000000, 0x00000000c7a00000, 0x00000000eab00000)
  object space 124928K, 99% used [0x00000000c0000000,0x00000000c79ab2e8,0x00000000c7a00000)
 Metaspace       used 64335K, committed 65728K, reserved 1114112K
  class space    used 7359K, committed 7936K, reserved 1048576K
GC Heap History (20 events):
Event: 76.942 GC heap before
{Heap before GC invocations=58 (full 3):
 PSYoungGen      total 10752K, used 10751K [0x00000000eab00000, 0x00000000ebb00000, 0x0000000100000000)
  eden space 9216K, 100% used [0x00000000eab00000,0x00000000eb400000,0x00000000eb400000)
  from space 1536K, 99% used [0x00000000eb780000,0x00000000eb8ffc90,0x00000000eb900000)
  to   space 3584K, 0% used [0x00000000eb400000,0x00000000eb400000,0x00000000eb780000)
 ParOldGen       total 107008K, used 106740K [0x00000000c0000000, 0x00000000c6880000, 0x00000000eab00000)
  object space 107008K, 99% used [0x00000000c0000000,0x00000000c683d018,0x00000000c6880000)
 Metaspace       used 62988K, committed 64384K, reserved 1114112K
  class space    used 7155K, committed 7744K, reserved 1048576K
}
Event: 76.945 GC heap after
{Heap after GC invocations=58 (full 3):
 PSYoungGen      total 11264K, used 1696K [0x00000000eab00000, 0x00000000eb900000, 0x0000000100000000)
  eden space 9216K, 0% used [0x00000000eab00000,0x00000000eab00000,0x00000000eb400000)
  from space 2048K, 82% used [0x00000000eb400000,0x00000000eb5a8178,0x00000000eb600000)
  to   space 2560K, 0% used [0x00000000eb680000,0x00000000eb680000,0x00000000eb900000)
 ParOldGen       total 108544K, used 108227K [0x00000000c0000000, 0x00000000c6a00000, 0x00000000eab00000)
  object space 108544K, 99% used [0x00000000c0000000,0x00000000c69b0d18,0x00000000c6a00000)
 Metaspace       used 62988K, committed 64384K, reserved 1114112K
  class space    used 7155K, committed 7744K, reserved 1048576K
}
Event: 77.038 GC heap before
{Heap before GC invocations=59 (full 3):
 PSYoungGen      total 11264K, used 10912K [0x00000000eab00000, 0x00000000eb900000, 0x0000000100000000)
  eden space 9216K, 100% used [0x00000000eab00000,0x00000000eb400000,0x00000000eb400000)
  from space 2048K, 82% used [0x00000000eb400000,0x00000000eb5a8178,0x00000000eb600000)
  to   space 2560K, 0% used [0x00000000eb680000,0x00000000eb680000,0x00000000eb900000)
 ParOldGen       total 108544K, used 108227K [0x00000000c0000000, 0x00000000c6a00000, 0x00000000eab00000)
  object space 108544K, 99% used [0x00000000c0000000,0x00000000c69b0d18,0x00000000c6a00000)
 Metaspace       used 63248K, committed 64640K, reserved 1114112K
  class space    used 7206K, committed 7808K, reserved 1048576K
}
Event: 77.041 GC heap after
{Heap after GC invocations=59 (full 3):
 PSYoungGen      total 11264K, used 1702K [0x00000000eab00000, 0x00000000eb880000, 0x0000000100000000)
  eden space 9216K, 0% used [0x00000000eab00000,0x00000000eab00000,0x00000000eb400000)
  from space 2048K, 83% used [0x00000000eb680000,0x00000000eb829908,0x00000000eb880000)
  to   space 2048K, 0% used [0x00000000eb400000,0x00000000eb400000,0x00000000eb600000)
 ParOldGen       total 110080K, used 109800K [0x00000000c0000000, 0x00000000c6b80000, 0x00000000eab00000)
  object space 110080K, 99% used [0x00000000c0000000,0x00000000c6b3a018,0x00000000c6b80000)
 Metaspace       used 63248K, committed 64640K, reserved 1114112K
  class space    used 7206K, committed 7808K, reserved 1048576K
}
Event: 77.365 GC heap before
{Heap before GC invocations=60 (full 3):
 PSYoungGen      total 11264K, used 10918K [0x00000000eab00000, 0x00000000eb880000, 0x0000000100000000)
  eden space 9216K, 100% used [0x00000000eab00000,0x00000000eb400000,0x00000000eb400000)
  from space 2048K, 83% used [0x00000000eb680000,0x00000000eb829908,0x00000000eb880000)
  to   space 2048K, 0% used [0x00000000eb400000,0x00000000eb400000,0x00000000eb600000)
 ParOldGen       total 110080K, used 109800K [0x00000000c0000000, 0x00000000c6b80000, 0x00000000eab00000)
  object space 110080K, 99% used [0x00000000c0000000,0x00000000c6b3a018,0x00000000c6b80000)
 Metaspace       used 63615K, committed 65024K, reserved 1114112K
  class space    used 7273K, committed 7872K, reserved 1048576K
}
Event: 77.370 GC heap after
{Heap after GC invocations=60 (full 3):
 PSYoungGen      total 11264K, used 1748K [0x00000000eab00000, 0x00000000eb800000, 0x0000000100000000)
  eden space 9216K, 0% used [0x00000000eab00000,0x00000000eab00000,0x00000000eb400000)
  from space 2048K, 85% used [0x00000000eb400000,0x00000000eb5b51d0,0x00000000eb600000)
  to   space 2048K, 0% used [0x00000000eb600000,0x00000000eb600000,0x00000000eb800000)
 ParOldGen       total 111616K, used 111399K [0x00000000c0000000, 0x00000000c6d00000, 0x00000000eab00000)
  object space 111616K, 99% used [0x00000000c0000000,0x00000000c6cc9f70,0x00000000c6d00000)
 Metaspace       used 63615K, committed 65024K, reserved 1114112K
  class space    used 7273K, committed 7872K, reserved 1048576K
}
Event: 77.673 GC heap before
{Heap before GC invocations=61 (full 3):
 PSYoungGen      total 11264K, used 10964K [0x00000000eab00000, 0x00000000eb800000, 0x0000000100000000)
  eden space 9216K, 100% used [0x00000000eab00000,0x00000000eb400000,0x00000000eb400000)
  from space 2048K, 85% used [0x00000000eb400000,0x00000000eb5b51d0,0x00000000eb600000)
  to   space 2048K, 0% used [0x00000000eb600000,0x00000000eb600000,0x00000000eb800000)
 ParOldGen       total 111616K, used 111399K [0x00000000c0000000, 0x00000000c6d00000, 0x00000000eab00000)
  object space 111616K, 99% used [0x00000000c0000000,0x00000000c6cc9f70,0x00000000c6d00000)
 Metaspace       used 63829K, committed 65152K, reserved 1114112K
  class space    used 7311K, committed 7872K, reserved 1048576K
}
Event: 77.676 GC heap after
{Heap after GC invocations=61 (full 3):
 PSYoungGen      total 11264K, used 1973K [0x00000000eab00000, 0x00000000eb800000, 0x0000000100000000)
  eden space 9216K, 0% used [0x00000000eab00000,0x00000000eab00000,0x00000000eb400000)
  from space 2048K, 96% used [0x00000000eb600000,0x00000000eb7ed698,0x00000000eb800000)
  to   space 2048K, 0% used [0x00000000eb400000,0x00000000eb400000,0x00000000eb600000)
 ParOldGen       total 113152K, used 112974K [0x00000000c0000000, 0x00000000c6e80000, 0x00000000eab00000)
  object space 113152K, 99% used [0x00000000c0000000,0x00000000c6e538d8,0x00000000c6e80000)
 Metaspace       used 63829K, committed 65152K, reserved 1114112K
  class space    used 7311K, committed 7872K, reserved 1048576K
}
Event: 77.825 GC heap before
{Heap before GC invocations=62 (full 3):
 PSYoungGen      total 11264K, used 11189K [0x00000000eab00000, 0x00000000eb800000, 0x0000000100000000)
  eden space 9216K, 100% used [0x00000000eab00000,0x00000000eb400000,0x00000000eb400000)
  from space 2048K, 96% used [0x00000000eb600000,0x00000000eb7ed698,0x00000000eb800000)
  to   space 2048K, 0% used [0x00000000eb400000,0x00000000eb400000,0x00000000eb600000)
 ParOldGen       total 113152K, used 112974K [0x00000000c0000000, 0x00000000c6e80000, 0x00000000eab00000)
  object space 113152K, 99% used [0x00000000c0000000,0x00000000c6e538d8,0x00000000c6e80000)
 Metaspace       used 64121K, committed 65472K, reserved 1114112K
  class space    used 7338K, committed 7936K, reserved 1048576K
}
Event: 77.829 GC heap after
{Heap after GC invocations=62 (full 3):
 PSYoungGen      total 11264K, used 1870K [0x00000000eab00000, 0x00000000eb800000, 0x0000000100000000)
  eden space 9216K, 0% used [0x00000000eab00000,0x00000000eab00000,0x00000000eb400000)
  from space 2048K, 91% used [0x00000000eb400000,0x00000000eb5d3a38,0x00000000eb600000)
  to   space 2048K, 0% used [0x00000000eb600000,0x00000000eb600000,0x00000000eb800000)
 ParOldGen       total 115200K, used 114815K [0x00000000c0000000, 0x00000000c7080000, 0x00000000eab00000)
  object space 115200K, 99% used [0x00000000c0000000,0x00000000c701ff18,0x00000000c7080000)
 Metaspace       used 64121K, committed 65472K, reserved 1114112K
  class space    used 7338K, committed 7936K, reserved 1048576K
}
Event: 78.062 GC heap before
{Heap before GC invocations=63 (full 3):
 PSYoungGen      total 11264K, used 11086K [0x00000000eab00000, 0x00000000eb800000, 0x0000000100000000)
  eden space 9216K, 100% used [0x00000000eab00000,0x00000000eb400000,0x00000000eb400000)
  from space 2048K, 91% used [0x00000000eb400000,0x00000000eb5d3a38,0x00000000eb600000)
  to   space 2048K, 0% used [0x00000000eb600000,0x00000000eb600000,0x00000000eb800000)
 ParOldGen       total 115200K, used 114815K [0x00000000c0000000, 0x00000000c7080000, 0x00000000eab00000)
  object space 115200K, 99% used [0x00000000c0000000,0x00000000c701ff18,0x00000000c7080000)
 Metaspace       used 64319K, committed 65728K, reserved 1114112K
  class space    used 7356K, committed 7936K, reserved 1048576K
}
Event: 78.069 GC heap after
{Heap after GC invocations=63 (full 3):
 PSYoungGen      total 8704K, used 2036K [0x00000000eab00000, 0x00000000ebd00000, 0x0000000100000000)
  eden space 6656K, 0% used [0x00000000eab00000,0x00000000eab00000,0x00000000eb180000)
  from space 2048K, 99% used [0x00000000eb600000,0x00000000eb7fd0d0,0x00000000eb800000)
  to   space 4608K, 0% used [0x00000000eb180000,0x00000000eb180000,0x00000000eb600000)
 ParOldGen       total 116736K, used 116576K [0x00000000c0000000, 0x00000000c7200000, 0x00000000eab00000)
  object space 116736K, 99% used [0x00000000c0000000,0x00000000c71d8310,0x00000000c7200000)
 Metaspace       used 64319K, committed 65728K, reserved 1114112K
  class space    used 7356K, committed 7936K, reserved 1048576K
}
Event: 78.318 GC heap before
{Heap before GC invocations=64 (full 3):
 PSYoungGen      total 8704K, used 8692K [0x00000000eab00000, 0x00000000ebd00000, 0x0000000100000000)
  eden space 6656K, 100% used [0x00000000eab00000,0x00000000eb180000,0x00000000eb180000)
  from space 2048K, 99% used [0x00000000eb600000,0x00000000eb7fd0d0,0x00000000eb800000)
  to   space 4608K, 0% used [0x00000000eb180000,0x00000000eb180000,0x00000000eb600000)
 ParOldGen       total 116736K, used 116576K [0x00000000c0000000, 0x00000000c7200000, 0x00000000eab00000)
  object space 116736K, 99% used [0x00000000c0000000,0x00000000c71d8310,0x00000000c7200000)
 Metaspace       used 64335K, committed 65728K, reserved 1114112K
  class space    used 7359K, committed 7936K, reserved 1048576K
}
Event: 78.321 GC heap after
{Heap after GC invocations=64 (full 3):
 PSYoungGen      total 8704K, used 1694K [0x00000000eab00000, 0x00000000eb680000, 0x0000000100000000)
  eden space 6656K, 0% used [0x00000000eab00000,0x00000000eab00000,0x00000000eb180000)
  from space 2048K, 82% used [0x00000000eb180000,0x00000000eb327b70,0x00000000eb380000)
  to   space 2560K, 0% used [0x00000000eb400000,0x00000000eb400000,0x00000000eb680000)
 ParOldGen       total 118784K, used 118549K [0x00000000c0000000, 0x00000000c7400000, 0x00000000eab00000)
  object space 118784K, 99% used [0x00000000c0000000,0x00000000c73c54c0,0x00000000c7400000)
 Metaspace       used 64335K, committed 65728K, reserved 1114112K
  class space    used 7359K, committed 7936K, reserved 1048576K
}
Event: 78.469 GC heap before
{Heap before GC invocations=65 (full 3):
 PSYoungGen      total 8704K, used 8350K [0x00000000eab00000, 0x00000000eb680000, 0x0000000100000000)
  eden space 6656K, 100% used [0x00000000eab00000,0x00000000eb180000,0x00000000eb180000)
  from space 2048K, 82% used [0x00000000eb180000,0x00000000eb327b70,0x00000000eb380000)
  to   space 2560K, 0% used [0x00000000eb400000,0x00000000eb400000,0x00000000eb680000)
 ParOldGen       total 118784K, used 118549K [0x00000000c0000000, 0x00000000c7400000, 0x00000000eab00000)
  object space 118784K, 99% used [0x00000000c0000000,0x00000000c73c54c0,0x00000000c7400000)
 Metaspace       used 64335K, committed 65728K, reserved 1114112K
  class space    used 7359K, committed 7936K, reserved 1048576K
}
Event: 78.471 GC heap after
{Heap after GC invocations=65 (full 3):
 PSYoungGen      total 8704K, used 1765K [0x00000000eab00000, 0x00000000eb600000, 0x0000000100000000)
  eden space 6656K, 0% used [0x00000000eab00000,0x00000000eab00000,0x00000000eb180000)
  from space 2048K, 86% used [0x00000000eb400000,0x00000000eb5b9440,0x00000000eb600000)
  to   space 2048K, 0% used [0x00000000eb180000,0x00000000eb180000,0x00000000eb380000)
 ParOldGen       total 120320K, used 120073K [0x00000000c0000000, 0x00000000c7580000, 0x00000000eab00000)
  object space 120320K, 99% used [0x00000000c0000000,0x00000000c7542608,0x00000000c7580000)
 Metaspace       used 64335K, committed 65728K, reserved 1114112K
  class space    used 7359K, committed 7936K, reserved 1048576K
}
Event: 78.871 GC heap before
{Heap before GC invocations=66 (full 3):
 PSYoungGen      total 8704K, used 8421K [0x00000000eab00000, 0x00000000eb600000, 0x0000000100000000)
  eden space 6656K, 100% used [0x00000000eab00000,0x00000000eb180000,0x00000000eb180000)
  from space 2048K, 86% used [0x00000000eb400000,0x00000000eb5b9440,0x00000000eb600000)
  to   space 2048K, 0% used [0x00000000eb180000,0x00000000eb180000,0x00000000eb380000)
 ParOldGen       total 120320K, used 120073K [0x00000000c0000000, 0x00000000c7580000, 0x00000000eab00000)
  object space 120320K, 99% used [0x00000000c0000000,0x00000000c7542608,0x00000000c7580000)
 Metaspace       used 64335K, committed 65728K, reserved 1114112K
  class space    used 7359K, committed 7936K, reserved 1048576K
}
Event: 78.888 GC heap after
{Heap after GC invocations=66 (full 3):
 PSYoungGen      total 8192K, used 1243K [0x00000000eab00000, 0x00000000eb480000, 0x0000000100000000)
  eden space 6656K, 0% used [0x00000000eab00000,0x00000000eab00000,0x00000000eb180000)
  from space 1536K, 80% used [0x00000000eb180000,0x00000000eb2b6da8,0x00000000eb300000)
  to   space 1536K, 0% used [0x00000000eb300000,0x00000000eb300000,0x00000000eb480000)
 ParOldGen       total 123904K, used 123432K [0x00000000c0000000, 0x00000000c7900000, 0x00000000eab00000)
  object space 123904K, 99% used [0x00000000c0000000,0x00000000c788a328,0x00000000c7900000)
 Metaspace       used 64335K, committed 65728K, reserved 1114112K
  class space    used 7359K, committed 7936K, reserved 1048576K
}
Event: 79.056 GC heap before
{Heap before GC invocations=67 (full 3):
 PSYoungGen      total 8192K, used 7899K [0x00000000eab00000, 0x00000000eb480000, 0x0000000100000000)
  eden space 6656K, 100% used [0x00000000eab00000,0x00000000eb180000,0x00000000eb180000)
  from space 1536K, 80% used [0x00000000eb180000,0x00000000eb2b6da8,0x00000000eb300000)
  to   space 1536K, 0% used [0x00000000eb300000,0x00000000eb300000,0x00000000eb480000)
 ParOldGen       total 123904K, used 123432K [0x00000000c0000000, 0x00000000c7900000, 0x00000000eab00000)
  object space 123904K, 99% used [0x00000000c0000000,0x00000000c788a328,0x00000000c7900000)
 Metaspace       used 64335K, committed 65728K, reserved 1114112K
  class space    used 7359K, committed 7936K, reserved 1048576K
}
Event: 79.991 GC heap after
{Heap after GC invocations=67 (full 3):
 PSYoungGen      total 6656K, used 1532K [0x00000000eab00000, 0x00000000eb900000, 0x0000000100000000)
  eden space 5120K, 0% used [0x00000000eab00000,0x00000000eab00000,0x00000000eb000000)
  from space 1536K, 99% used [0x00000000eb300000,0x00000000eb47f0f0,0x00000000eb480000)
  to   space 3072K, 0% used [0x00000000eb000000,0x00000000eb000000,0x00000000eb300000)
 ParOldGen       total 124928K, used 124588K [0x00000000c0000000, 0x00000000c7a00000, 0x00000000eab00000)
  object space 124928K, 99% used [0x00000000c0000000,0x00000000c79ab2e8,0x00000000c7a00000)
 Metaspace       used 64335K, committed 65728K, reserved 1114112K
  class space    used 7359K, committed 7936K, reserved 1048576K
}

